[  168293ms] ReferenceError: CATEGORY_BADGE is not defined
    at PolicySlide (http://localhost:3000/_next/static/chunks/_d2527c43._.js?id=%255Bproject%255D%252Fcomponents%252Fsignals%252Fpolicy-carousel.tsx+%255Bapp-client%255D+%2528ecmascript%2529:45:206)
    at Object.react_stack_bottom_frame (http://localhost:3000/_next/static/chunks/node_modules_next_dist_compiled_react-dom_1e674e59._.js:14826:24)
    at renderWithHooks (http://localhost:3000/_next/static/chunks/node_modules_next_dist_compiled_react-dom_1e674e59._.js:4651:24)
    at updateFunctionComponent (http://localhost:3000/_next/static/chunks/node_modules_next_dist_compiled_react-dom_1e674e59._.js:6112:21)
    at beginWork (http://localhost:3000/_next/static/chunks/node_modules_next_dist_compiled_react-dom_1e674e59._.js:6708:24)
    at runWithFiberInDEV (http://localhost:3000/_next/static/chunks/node_modules_next_dist_compiled_react-dom_1e674e59._.js:965:74)
    at performUnitOfWork (http://localhost:3000/_next/static/chunks/node_modules_next_dist_compiled_react-dom_1e674e59._.js:9562:97)
    at workLoopSync (http://localhost:3000/_next/static/chunks/node_modules_next_dist_compiled_react-dom_1e674e59._.js:9456:40)
    at renderRootSync (http://localhost:3000/_next/static/chunks/node_modules_next_dist_compiled_react-dom_1e674e59._.js:9440:13)
    at performWorkOnRoot (http://localhost:3000/_next/static/chunks/node_modules_next_dist_compiled_react-dom_1e674e59._.js:9105:47)
    at performSyncWorkOnRoot (http://localhost:3000/_next/static/chunks/node_modules_next_dist_compiled_react-dom_1e674e59._.js:10238:9)
    at flushSyncWorkAcrossRoots_impl (http://localhost:3000/_next/static/chunks/node_modules_next_dist_compiled_react-dom_1e674e59._.js:10154:316)
    at flushSyncWork$1 (http://localhost:3000/_next/static/chunks/node_modules_next_dist_compiled_react-dom_1e674e59._.js:9237:86)
    at Object.scheduleRefresh (http://localhost:3000/_next/static/chunks/node_modules_next_dist_compiled_react-dom_1e674e59._.js:299:13)
    at http://localhost:3000/_next/static/chunks/node_modules_next_dist_compiled_a0e4c7b4._.js:391:33
    at Set.forEach (<anonymous>)
    at Object.performReactRefresh (http://localhost:3000/_next/static/chunks/node_modules_next_dist_compiled_a0e4c7b4._.js:384:38)
    at applyUpdate (http://localhost:3000/_next/static/chunks/node_modules_next_dist_compiled_a0e4c7b4._.js:878:31)
    at http://localhost:3000/_next/static/chunks/node_modules_next_dist_compiled_a0e4c7b4._.js:886:13
[  181787ms] [ERROR] ./components/signals/policy-carousel.tsx:30:10
Ecmascript file had an error
  28 | const CATEGORY_KEYS = Object.keys(CATEGORY_LABEL_MAP) as CategoryKey[];
  29 |
> 30 | import { CATEGORY_BADGE_MAP } from "@/lib/icon-maps";
     |          ^^^^^^^^^^^^^^^^^^
  31 |
  32 | function PolicySlide({ policy }: { policy: PolicyWithCategory }) {
  33 |   const region =

the name `CATEGORY_BADGE_MAP` is defined multiple times

Import traces:
  Client Component Browser:
    ./components/signals/policy-carousel.tsx [Client Component Browser]
    ./components/signals/signals-page.tsx [Client Component Browser]
    ./components/signals/signals-page.tsx [Server Component]
    ./app/(tabs)/signals/page.tsx [Server Component]

  Client Component SSR:
    ./components/signals/policy-carousel.tsx [Client Component SSR]
    ./components/signals/signals-page.tsx [Client Component SSR]
    ./components/signals/signals-page.tsx [Server Component]
    ./app/(tabs)/signals/page.tsx [Server Component] @ http://localhost:3000/_next/static/chunks/node_modules_next_dist_f3530cac._.js:3127
[  181842ms] [ERROR] ./components/signals/policy-carousel.tsx:30:10
Ecmascript file had an error
  28 | const CATEGORY_KEYS = Object.keys(CATEGORY_LABEL_MAP) as CategoryKey[];
  29 |
> 30 | import { CATEGORY_BADGE_MAP } from "@/lib/icon-maps";
     |          ^^^^^^^^^^^^^^^^^^
  31 |
  32 | function PolicySlide({ policy }: { policy: PolicyWithCategory }) {
  33 |   const region =

the name `CATEGORY_BADGE_MAP` is defined multiple times

Import traces:
  Client Component Browser:
    ./components/signals/policy-carousel.tsx [Client Component Browser]
    ./components/signals/signals-page.tsx [Client Component Browser]
    ./components/signals/signals-page.tsx [Server Component]
    ./app/(tabs)/signals/page.tsx [Server Component]

  Client Component SSR:
    ./components/signals/policy-carousel.tsx [Client Component SSR]
    ./components/signals/signals-page.tsx [Client Component SSR]
    ./components/signals/signals-page.tsx [Server Component]
    ./app/(tabs)/signals/page.tsx [Server Component] @ http://localhost:3000/_next/static/chunks/node_modules_next_dist_f3530cac._.js:3127
[  181902ms] [ERROR] ./components/signals/policy-carousel.tsx:30:10
Ecmascript file had an error
  28 | const CATEGORY_KEYS = Object.keys(CATEGORY_LABEL_MAP) as CategoryKey[];
  29 |
> 30 | import { CATEGORY_BADGE_MAP } from "@/lib/icon-maps";
     |          ^^^^^^^^^^^^^^^^^^
  31 |
  32 | function PolicySlide({ policy }: { policy: PolicyWithCategory }) {
  33 |   const region =

the name `CATEGORY_BADGE_MAP` is defined multiple times

Import traces:
  Client Component Browser:
    ./components/signals/policy-carousel.tsx [Client Component Browser]
    ./components/signals/signals-page.tsx [Client Component Browser]
    ./components/signals/signals-page.tsx [Server Component]
    ./app/(tabs)/signals/page.tsx [Server Component]

  Client Component SSR:
    ./components/signals/policy-carousel.tsx [Client Component SSR]
    ./components/signals/signals-page.tsx [Client Component SSR]
    ./components/signals/signals-page.tsx [Server Component]
    ./app/(tabs)/signals/page.tsx [Server Component] @ http://localhost:3000/_next/static/chunks/node_modules_next_dist_f3530cac._.js:3127
[  181970ms] [ERROR] ./components/signals/policy-carousel.tsx:30:10
Ecmascript file had an error
  28 | const CATEGORY_KEYS = Object.keys(CATEGORY_LABEL_MAP) as CategoryKey[];
  29 |
> 30 | import { CATEGORY_BADGE_MAP } from "@/lib/icon-maps";
     |          ^^^^^^^^^^^^^^^^^^
  31 |
  32 | function PolicySlide({ policy }: { policy: PolicyWithCategory }) {
  33 |   const region =

the name `CATEGORY_BADGE_MAP` is defined multiple times

Import traces:
  Client Component Browser:
    ./components/signals/policy-carousel.tsx [Client Component Browser]
    ./components/signals/signals-page.tsx [Client Component Browser]
    ./components/signals/signals-page.tsx [Server Component]
    ./app/(tabs)/signals/page.tsx [Server Component]

  Client Component SSR:
    ./components/signals/policy-carousel.tsx [Client Component SSR]
    ./components/signals/signals-page.tsx [Client Component SSR]
    ./components/signals/signals-page.tsx [Server Component]
    ./app/(tabs)/signals/page.tsx [Server Component] @ http://localhost:3000/_next/static/chunks/node_modules_next_dist_f3530cac._.js:3127
[  182023ms] [ERROR] ./components/signals/policy-carousel.tsx:30:10
Ecmascript file had an error
  28 | const CATEGORY_KEYS = Object.keys(CATEGORY_LABEL_MAP) as CategoryKey[];
  29 |
> 30 | import { CATEGORY_BADGE_MAP } from "@/lib/icon-maps";
     |          ^^^^^^^^^^^^^^^^^^
  31 |
  32 | function PolicySlide({ policy }: { policy: PolicyWithCategory }) {
  33 |   const region =

the name `CATEGORY_BADGE_MAP` is defined multiple times

Import traces:
  Client Component Browser:
    ./components/signals/policy-carousel.tsx [Client Component Browser]
    ./components/signals/signals-page.tsx [Client Component Browser]
    ./components/signals/signals-page.tsx [Server Component]
    ./app/(tabs)/signals/page.tsx [Server Component]

  Client Component SSR:
    ./components/signals/policy-carousel.tsx [Client Component SSR]
    ./components/signals/signals-page.tsx [Client Component SSR]
    ./components/signals/signals-page.tsx [Server Component]
    ./app/(tabs)/signals/page.tsx [Server Component] @ http://localhost:3000/_next/static/chunks/node_modules_next_dist_f3530cac._.js:3127
[  182088ms] [ERROR] ./components/signals/policy-carousel.tsx:30:10
Ecmascript file had an error
  28 | const CATEGORY_KEYS = Object.keys(CATEGORY_LABEL_MAP) as CategoryKey[];
  29 |
> 30 | import { CATEGORY_BADGE_MAP } from "@/lib/icon-maps";
     |          ^^^^^^^^^^^^^^^^^^
  31 |
  32 | function PolicySlide({ policy }: { policy: PolicyWithCategory }) {
  33 |   const region =

the name `CATEGORY_BADGE_MAP` is defined multiple times

Import traces:
  Client Component Browser:
    ./components/signals/policy-carousel.tsx [Client Component Browser]
    ./components/signals/signals-page.tsx [Client Component Browser]
    ./components/signals/signals-page.tsx [Server Component]
    ./app/(tabs)/signals/page.tsx [Server Component]

  Client Component SSR:
    ./components/signals/policy-carousel.tsx [Client Component SSR]
    ./components/signals/signals-page.tsx [Client Component SSR]
    ./components/signals/signals-page.tsx [Server Component]
    ./app/(tabs)/signals/page.tsx [Server Component] @ http://localhost:3000/_next/static/chunks/node_modules_next_dist_f3530cac._.js:3127
[  182155ms] [ERROR] ./components/signals/policy-carousel.tsx:30:10
Ecmascript file had an error
  28 | const CATEGORY_KEYS = Object.keys(CATEGORY_LABEL_MAP) as CategoryKey[];
  29 |
> 30 | import { CATEGORY_BADGE_MAP } from "@/lib/icon-maps";
     |          ^^^^^^^^^^^^^^^^^^
  31 |
  32 | function PolicySlide({ policy }: { policy: PolicyWithCategory }) {
  33 |   const region =

the name `CATEGORY_BADGE_MAP` is defined multiple times

Import traces:
  Client Component Browser:
    ./components/signals/policy-carousel.tsx [Client Component Browser]
    ./components/signals/signals-page.tsx [Client Component Browser]
    ./components/signals/signals-page.tsx [Server Component]
    ./app/(tabs)/signals/page.tsx [Server Component]

  Client Component SSR:
    ./components/signals/policy-carousel.tsx [Client Component SSR]
    ./components/signals/signals-page.tsx [Client Component SSR]
    ./components/signals/signals-page.tsx [Server Component]
    ./app/(tabs)/signals/page.tsx [Server Component] @ http://localhost:3000/_next/static/chunks/node_modules_next_dist_f3530cac._.js:3127
[  182220ms] [ERROR] ./components/signals/policy-carousel.tsx:30:10
Ecmascript file had an error
  28 | const CATEGORY_KEYS = Object.keys(CATEGORY_LABEL_MAP) as CategoryKey[];
  29 |
> 30 | import { CATEGORY_BADGE_MAP } from "@/lib/icon-maps";
     |          ^^^^^^^^^^^^^^^^^^
  31 |
  32 | function PolicySlide({ policy }: { policy: PolicyWithCategory }) {
  33 |   const region =

the name `CATEGORY_BADGE_MAP` is defined multiple times

Import traces:
  Client Component Browser:
    ./components/signals/policy-carousel.tsx [Client Component Browser]
    ./components/signals/signals-page.tsx [Client Component Browser]
    ./components/signals/signals-page.tsx [Server Component]
    ./app/(tabs)/signals/page.tsx [Server Component]

  Client Component SSR:
    ./components/signals/policy-carousel.tsx [Client Component SSR]
    ./components/signals/signals-page.tsx [Client Component SSR]
    ./components/signals/signals-page.tsx [Server Component]
    ./app/(tabs)/signals/page.tsx [Server Component] @ http://localhost:3000/_next/static/chunks/node_modules_next_dist_f3530cac._.js:3127
[  182288ms] [ERROR] ./components/signals/policy-carousel.tsx:30:10
Ecmascript file had an error
  28 | const CATEGORY_KEYS = Object.keys(CATEGORY_LABEL_MAP) as CategoryKey[];
  29 |
> 30 | import { CATEGORY_BADGE_MAP } from "@/lib/icon-maps";
     |          ^^^^^^^^^^^^^^^^^^
  31 |
  32 | function PolicySlide({ policy }: { policy: PolicyWithCategory }) {
  33 |   const region =

the name `CATEGORY_BADGE_MAP` is defined multiple times

Import traces:
  Client Component Browser:
    ./components/signals/policy-carousel.tsx [Client Component Browser]
    ./components/signals/signals-page.tsx [Client Component Browser]
    ./components/signals/signals-page.tsx [Server Component]
    ./app/(tabs)/signals/page.tsx [Server Component]

  Client Component SSR:
    ./components/signals/policy-carousel.tsx [Client Component SSR]
    ./components/signals/signals-page.tsx [Client Component SSR]
    ./components/signals/signals-page.tsx [Server Component]
    ./app/(tabs)/signals/page.tsx [Server Component] @ http://localhost:3000/_next/static/chunks/node_modules_next_dist_f3530cac._.js:3127
[  182354ms] [ERROR] ./components/signals/policy-carousel.tsx:30:10
Ecmascript file had an error
  28 | const CATEGORY_KEYS = Object.keys(CATEGORY_LABEL_MAP) as CategoryKey[];
  29 |
> 30 | import { CATEGORY_BADGE_MAP } from "@/lib/icon-maps";
     |          ^^^^^^^^^^^^^^^^^^
  31 |
  32 | function PolicySlide({ policy }: { policy: PolicyWithCategory }) {
  33 |   const region =

the name `CATEGORY_BADGE_MAP` is defined multiple times

Import traces:
  Client Component Browser:
    ./components/signals/policy-carousel.tsx [Client Component Browser]
    ./components/signals/signals-page.tsx [Client Component Browser]
    ./components/signals/signals-page.tsx [Server Component]
    ./app/(tabs)/signals/page.tsx [Server Component]

  Client Component SSR:
    ./components/signals/policy-carousel.tsx [Client Component SSR]
    ./components/signals/signals-page.tsx [Client Component SSR]
    ./components/signals/signals-page.tsx [Server Component]
    ./app/(tabs)/signals/page.tsx [Server Component] @ http://localhost:3000/_next/static/chunks/node_modules_next_dist_f3530cac._.js:3127
[  182423ms] [ERROR] ./components/signals/policy-carousel.tsx:30:10
Ecmascript file had an error
  28 | const CATEGORY_KEYS = Object.keys(CATEGORY_LABEL_MAP) as CategoryKey[];
  29 |
> 30 | import { CATEGORY_BADGE_MAP } from "@/lib/icon-maps";
     |          ^^^^^^^^^^^^^^^^^^
  31 |
  32 | function PolicySlide({ policy }: { policy: PolicyWithCategory }) {
  33 |   const region =

the name `CATEGORY_BADGE_MAP` is defined multiple times

Import traces:
  Client Component Browser:
    ./components/signals/policy-carousel.tsx [Client Component Browser]
    ./components/signals/signals-page.tsx [Client Component Browser]
    ./components/signals/signals-page.tsx [Server Component]
    ./app/(tabs)/signals/page.tsx [Server Component]

  Client Component SSR:
    ./components/signals/policy-carousel.tsx [Client Component SSR]
    ./components/signals/signals-page.tsx [Client Component SSR]
    ./components/signals/signals-page.tsx [Server Component]
    ./app/(tabs)/signals/page.tsx [Server Component] @ http://localhost:3000/_next/static/chunks/node_modules_next_dist_f3530cac._.js:3127
[  182491ms] [ERROR] ./components/signals/policy-carousel.tsx:30:10
Ecmascript file had an error
  28 | const CATEGORY_KEYS = Object.keys(CATEGORY_LABEL_MAP) as CategoryKey[];
  29 |
> 30 | import { CATEGORY_BADGE_MAP } from "@/lib/icon-maps";
     |          ^^^^^^^^^^^^^^^^^^
  31 |
  32 | function PolicySlide({ policy }: { policy: PolicyWithCategory }) {
  33 |   const region =

the name `CATEGORY_BADGE_MAP` is defined multiple times

Import traces:
  Client Component Browser:
    ./components/signals/policy-carousel.tsx [Client Component Browser]
    ./components/signals/signals-page.tsx [Client Component Browser]
    ./components/signals/signals-page.tsx [Server Component]
    ./app/(tabs)/signals/page.tsx [Server Component]

  Client Component SSR:
    ./components/signals/policy-carousel.tsx [Client Component SSR]
    ./components/signals/signals-page.tsx [Client Component SSR]
    ./components/signals/signals-page.tsx [Server Component]
    ./app/(tabs)/signals/page.tsx [Server Component] @ http://localhost:3000/_next/static/chunks/node_modules_next_dist_f3530cac._.js:3127
[  182554ms] [ERROR] ./components/signals/policy-carousel.tsx:30:10
Ecmascript file had an error
  28 | const CATEGORY_KEYS = Object.keys(CATEGORY_LABEL_MAP) as CategoryKey[];
  29 |
> 30 | import { CATEGORY_BADGE_MAP } from "@/lib/icon-maps";
     |          ^^^^^^^^^^^^^^^^^^
  31 |
  32 | function PolicySlide({ policy }: { policy: PolicyWithCategory }) {
  33 |   const region =

the name `CATEGORY_BADGE_MAP` is defined multiple times

Import traces:
  Client Component Browser:
    ./components/signals/policy-carousel.tsx [Client Component Browser]
    ./components/signals/signals-page.tsx [Client Component Browser]
    ./components/signals/signals-page.tsx [Server Component]
    ./app/(tabs)/signals/page.tsx [Server Component]

  Client Component SSR:
    ./components/signals/policy-carousel.tsx [Client Component SSR]
    ./components/signals/signals-page.tsx [Client Component SSR]
    ./components/signals/signals-page.tsx [Server Component]
    ./app/(tabs)/signals/page.tsx [Server Component] @ http://localhost:3000/_next/static/chunks/node_modules_next_dist_f3530cac._.js:3127
[  182620ms] [ERROR] ./components/signals/policy-carousel.tsx:30:10
Ecmascript file had an error
  28 | const CATEGORY_KEYS = Object.keys(CATEGORY_LABEL_MAP) as CategoryKey[];
  29 |
> 30 | import { CATEGORY_BADGE_MAP } from "@/lib/icon-maps";
     |          ^^^^^^^^^^^^^^^^^^
  31 |
  32 | function PolicySlide({ policy }: { policy: PolicyWithCategory }) {
  33 |   const region =

the name `CATEGORY_BADGE_MAP` is defined multiple times

Import traces:
  Client Component Browser:
    ./components/signals/policy-carousel.tsx [Client Component Browser]
    ./components/signals/signals-page.tsx [Client Component Browser]
    ./components/signals/signals-page.tsx [Server Component]
    ./app/(tabs)/signals/page.tsx [Server Component]

  Client Component SSR:
    ./components/signals/policy-carousel.tsx [Client Component SSR]
    ./components/signals/signals-page.tsx [Client Component SSR]
    ./components/signals/signals-page.tsx [Server Component]
    ./app/(tabs)/signals/page.tsx [Server Component] @ http://localhost:3000/_next/static/chunks/node_modules_next_dist_f3530cac._.js:3127
[  182678ms] [ERROR] ./components/signals/policy-carousel.tsx:30:10
Ecmascript file had an error
  28 | const CATEGORY_KEYS = Object.keys(CATEGORY_LABEL_MAP) as CategoryKey[];
  29 |
> 30 | import { CATEGORY_BADGE_MAP } from "@/lib/icon-maps";
     |          ^^^^^^^^^^^^^^^^^^
  31 |
  32 | function PolicySlide({ policy }: { policy: PolicyWithCategory }) {
  33 |   const region =

the name `CATEGORY_BADGE_MAP` is defined multiple times

Import traces:
  Client Component Browser:
    ./components/signals/policy-carousel.tsx [Client Component Browser]
    ./components/signals/signals-page.tsx [Client Component Browser]
    ./components/signals/signals-page.tsx [Server Component]
    ./app/(tabs)/signals/page.tsx [Server Component]

  Client Component SSR:
    ./components/signals/policy-carousel.tsx [Client Component SSR]
    ./components/signals/signals-page.tsx [Client Component SSR]
    ./components/signals/signals-page.tsx [Server Component]
    ./app/(tabs)/signals/page.tsx [Server Component] @ http://localhost:3000/_next/static/chunks/node_modules_next_dist_f3530cac._.js:3127
[  182740ms] [ERROR] ./components/signals/policy-carousel.tsx:30:10
Ecmascript file had an error
  28 | const CATEGORY_KEYS = Object.keys(CATEGORY_LABEL_MAP) as CategoryKey[];
  29 |
> 30 | import { CATEGORY_BADGE_MAP } from "@/lib/icon-maps";
     |          ^^^^^^^^^^^^^^^^^^
  31 |
  32 | function PolicySlide({ policy }: { policy: PolicyWithCategory }) {
  33 |   const region =

the name `CATEGORY_BADGE_MAP` is defined multiple times

Import traces:
  Client Component Browser:
    ./components/signals/policy-carousel.tsx [Client Component Browser]
    ./components/signals/signals-page.tsx [Client Component Browser]
    ./components/signals/signals-page.tsx [Server Component]
    ./app/(tabs)/signals/page.tsx [Server Component]

  Client Component SSR:
    ./components/signals/policy-carousel.tsx [Client Component SSR]
    ./components/signals/signals-page.tsx [Client Component SSR]
    ./components/signals/signals-page.tsx [Server Component]
    ./app/(tabs)/signals/page.tsx [Server Component] @ http://localhost:3000/_next/static/chunks/node_modules_next_dist_f3530cac._.js:3127
[  182805ms] [ERROR] ./components/signals/policy-carousel.tsx:30:10
Ecmascript file had an error
  28 | const CATEGORY_KEYS = Object.keys(CATEGORY_LABEL_MAP) as CategoryKey[];
  29 |
> 30 | import { CATEGORY_BADGE_MAP } from "@/lib/icon-maps";
     |          ^^^^^^^^^^^^^^^^^^
  31 |
  32 | function PolicySlide({ policy }: { policy: PolicyWithCategory }) {
  33 |   const region =

the name `CATEGORY_BADGE_MAP` is defined multiple times

Import traces:
  Client Component Browser:
    ./components/signals/policy-carousel.tsx [Client Component Browser]
    ./components/signals/signals-page.tsx [Client Component Browser]
    ./components/signals/signals-page.tsx [Server Component]
    ./app/(tabs)/signals/page.tsx [Server Component]

  Client Component SSR:
    ./components/signals/policy-carousel.tsx [Client Component SSR]
    ./components/signals/signals-page.tsx [Client Component SSR]
    ./components/signals/signals-page.tsx [Server Component]
    ./app/(tabs)/signals/page.tsx [Server Component] @ http://localhost:3000/_next/static/chunks/node_modules_next_dist_f3530cac._.js:3127
[  182871ms] [ERROR] ./components/signals/policy-carousel.tsx:30:10
Ecmascript file had an error
  28 | const CATEGORY_KEYS = Object.keys(CATEGORY_LABEL_MAP) as CategoryKey[];
  29 |
> 30 | import { CATEGORY_BADGE_MAP } from "@/lib/icon-maps";
     |          ^^^^^^^^^^^^^^^^^^
  31 |
  32 | function PolicySlide({ policy }: { policy: PolicyWithCategory }) {
  33 |   const region =

the name `CATEGORY_BADGE_MAP` is defined multiple times

Import traces:
  Client Component Browser:
    ./components/signals/policy-carousel.tsx [Client Component Browser]
    ./components/signals/signals-page.tsx [Client Component Browser]
    ./components/signals/signals-page.tsx [Server Component]
    ./app/(tabs)/signals/page.tsx [Server Component]

  Client Component SSR:
    ./components/signals/policy-carousel.tsx [Client Component SSR]
    ./components/signals/signals-page.tsx [Client Component SSR]
    ./components/signals/signals-page.tsx [Server Component]
    ./app/(tabs)/signals/page.tsx [Server Component] @ http://localhost:3000/_next/static/chunks/node_modules_next_dist_f3530cac._.js:3127
[  182938ms] [ERROR] ./components/signals/policy-carousel.tsx:30:10
Ecmascript file had an error
  28 | const CATEGORY_KEYS = Object.keys(CATEGORY_LABEL_MAP) as CategoryKey[];
  29 |
> 30 | import { CATEGORY_BADGE_MAP } from "@/lib/icon-maps";
     |          ^^^^^^^^^^^^^^^^^^
  31 |
  32 | function PolicySlide({ policy }: { policy: PolicyWithCategory }) {
  33 |   const region =

the name `CATEGORY_BADGE_MAP` is defined multiple times

Import traces:
  Client Component Browser:
    ./components/signals/policy-carousel.tsx [Client Component Browser]
    ./components/signals/signals-page.tsx [Client Component Browser]
    ./components/signals/signals-page.tsx [Server Component]
    ./app/(tabs)/signals/page.tsx [Server Component]

  Client Component SSR:
    ./components/signals/policy-carousel.tsx [Client Component SSR]
    ./components/signals/signals-page.tsx [Client Component SSR]
    ./components/signals/signals-page.tsx [Server Component]
    ./app/(tabs)/signals/page.tsx [Server Component] @ http://localhost:3000/_next/static/chunks/node_modules_next_dist_f3530cac._.js:3127
[  183008ms] [ERROR] ./components/signals/policy-carousel.tsx:30:10
Ecmascript file had an error
  28 | const CATEGORY_KEYS = Object.keys(CATEGORY_LABEL_MAP) as CategoryKey[];
  29 |
> 30 | import { CATEGORY_BADGE_MAP } from "@/lib/icon-maps";
     |          ^^^^^^^^^^^^^^^^^^
  31 |
  32 | function PolicySlide({ policy }: { policy: PolicyWithCategory }) {
  33 |   const region =

the name `CATEGORY_BADGE_MAP` is defined multiple times

Import traces:
  Client Component Browser:
    ./components/signals/policy-carousel.tsx [Client Component Browser]
    ./components/signals/signals-page.tsx [Client Component Browser]
    ./components/signals/signals-page.tsx [Server Component]
    ./app/(tabs)/signals/page.tsx [Server Component]

  Client Component SSR:
    ./components/signals/policy-carousel.tsx [Client Component SSR]
    ./components/signals/signals-page.tsx [Client Component SSR]
    ./components/signals/signals-page.tsx [Server Component]
    ./app/(tabs)/signals/page.tsx [Server Component] @ http://localhost:3000/_next/static/chunks/node_modules_next_dist_f3530cac._.js:3127
[  183073ms] [ERROR] ./components/signals/policy-carousel.tsx:30:10
Ecmascript file had an error
  28 | const CATEGORY_KEYS = Object.keys(CATEGORY_LABEL_MAP) as CategoryKey[];
  29 |
> 30 | import { CATEGORY_BADGE_MAP } from "@/lib/icon-maps";
     |          ^^^^^^^^^^^^^^^^^^
  31 |
  32 | function PolicySlide({ policy }: { policy: PolicyWithCategory }) {
  33 |   const region =

the name `CATEGORY_BADGE_MAP` is defined multiple times

Import traces:
  Client Component Browser:
    ./components/signals/policy-carousel.tsx [Client Component Browser]
    ./components/signals/signals-page.tsx [Client Component Browser]
    ./components/signals/signals-page.tsx [Server Component]
    ./app/(tabs)/signals/page.tsx [Server Component]

  Client Component SSR:
    ./components/signals/policy-carousel.tsx [Client Component SSR]
    ./components/signals/signals-page.tsx [Client Component SSR]
    ./components/signals/signals-page.tsx [Server Component]
    ./app/(tabs)/signals/page.tsx [Server Component] @ http://localhost:3000/_next/static/chunks/node_modules_next_dist_f3530cac._.js:3127
[  183138ms] [ERROR] ./components/signals/policy-carousel.tsx:30:10
Ecmascript file had an error
  28 | const CATEGORY_KEYS = Object.keys(CATEGORY_LABEL_MAP) as CategoryKey[];
  29 |
> 30 | import { CATEGORY_BADGE_MAP } from "@/lib/icon-maps";
     |          ^^^^^^^^^^^^^^^^^^
  31 |
  32 | function PolicySlide({ policy }: { policy: PolicyWithCategory }) {
  33 |   const region =

the name `CATEGORY_BADGE_MAP` is defined multiple times

Import traces:
  Client Component Browser:
    ./components/signals/policy-carousel.tsx [Client Component Browser]
    ./components/signals/signals-page.tsx [Client Component Browser]
    ./components/signals/signals-page.tsx [Server Component]
    ./app/(tabs)/signals/page.tsx [Server Component]

  Client Component SSR:
    ./components/signals/policy-carousel.tsx [Client Component SSR]
    ./components/signals/signals-page.tsx [Client Component SSR]
    ./components/signals/signals-page.tsx [Server Component]
    ./app/(tabs)/signals/page.tsx [Server Component] @ http://localhost:3000/_next/static/chunks/node_modules_next_dist_f3530cac._.js:3127
[  183194ms] [ERROR] ./components/signals/policy-carousel.tsx:30:10
Ecmascript file had an error
  28 | const CATEGORY_KEYS = Object.keys(CATEGORY_LABEL_MAP) as CategoryKey[];
  29 |
> 30 | import { CATEGORY_BADGE_MAP } from "@/lib/icon-maps";
     |          ^^^^^^^^^^^^^^^^^^
  31 |
  32 | function PolicySlide({ policy }: { policy: PolicyWithCategory }) {
  33 |   const region =

the name `CATEGORY_BADGE_MAP` is defined multiple times

Import traces:
  Client Component Browser:
    ./components/signals/policy-carousel.tsx [Client Component Browser]
    ./components/signals/signals-page.tsx [Client Component Browser]
    ./components/signals/signals-page.tsx [Server Component]
    ./app/(tabs)/signals/page.tsx [Server Component]

  Client Component SSR:
    ./components/signals/policy-carousel.tsx [Client Component SSR]
    ./components/signals/signals-page.tsx [Client Component SSR]
    ./components/signals/signals-page.tsx [Server Component]
    ./app/(tabs)/signals/page.tsx [Server Component] @ http://localhost:3000/_next/static/chunks/node_modules_next_dist_f3530cac._.js:3127
[  183253ms] [ERROR] ./components/signals/policy-carousel.tsx:30:10
Ecmascript file had an error
  28 | const CATEGORY_KEYS = Object.keys(CATEGORY_LABEL_MAP) as CategoryKey[];
  29 |
> 30 | import { CATEGORY_BADGE_MAP } from "@/lib/icon-maps";
     |          ^^^^^^^^^^^^^^^^^^
  31 |
  32 | function PolicySlide({ policy }: { policy: PolicyWithCategory }) {
  33 |   const region =

the name `CATEGORY_BADGE_MAP` is defined multiple times

Import traces:
  Client Component Browser:
    ./components/signals/policy-carousel.tsx [Client Component Browser]
    ./components/signals/signals-page.tsx [Client Component Browser]
    ./components/signals/signals-page.tsx [Server Component]
    ./app/(tabs)/signals/page.tsx [Server Component]

  Client Component SSR:
    ./components/signals/policy-carousel.tsx [Client Component SSR]
    ./components/signals/signals-page.tsx [Client Component SSR]
    ./components/signals/signals-page.tsx [Server Component]
    ./app/(tabs)/signals/page.tsx [Server Component] @ http://localhost:3000/_next/static/chunks/node_modules_next_dist_f3530cac._.js:3127
[  183321ms] [ERROR] ./components/signals/policy-carousel.tsx:30:10
Ecmascript file had an error
  28 | const CATEGORY_KEYS = Object.keys(CATEGORY_LABEL_MAP) as CategoryKey[];
  29 |
> 30 | import { CATEGORY_BADGE_MAP } from "@/lib/icon-maps";
     |          ^^^^^^^^^^^^^^^^^^
  31 |
  32 | function PolicySlide({ policy }: { policy: PolicyWithCategory }) {
  33 |   const region =

the name `CATEGORY_BADGE_MAP` is defined multiple times

Import traces:
  Client Component Browser:
    ./components/signals/policy-carousel.tsx [Client Component Browser]
    ./components/signals/signals-page.tsx [Client Component Browser]
    ./components/signals/signals-page.tsx [Server Component]
    ./app/(tabs)/signals/page.tsx [Server Component]

  Client Component SSR:
    ./components/signals/policy-carousel.tsx [Client Component SSR]
    ./components/signals/signals-page.tsx [Client Component SSR]
    ./components/signals/signals-page.tsx [Server Component]
    ./app/(tabs)/signals/page.tsx [Server Component] @ http://localhost:3000/_next/static/chunks/node_modules_next_dist_f3530cac._.js:3127
[  183388ms] [ERROR] ./components/signals/policy-carousel.tsx:30:10
Ecmascript file had an error
  28 | const CATEGORY_KEYS = Object.keys(CATEGORY_LABEL_MAP) as CategoryKey[];
  29 |
> 30 | import { CATEGORY_BADGE_MAP } from "@/lib/icon-maps";
     |          ^^^^^^^^^^^^^^^^^^
  31 |
  32 | function PolicySlide({ policy }: { policy: PolicyWithCategory }) {
  33 |   const region =

the name `CATEGORY_BADGE_MAP` is defined multiple times

Import traces:
  Client Component Browser:
    ./components/signals/policy-carousel.tsx [Client Component Browser]
    ./components/signals/signals-page.tsx [Client Component Browser]
    ./components/signals/signals-page.tsx [Server Component]
    ./app/(tabs)/signals/page.tsx [Server Component]

  Client Component SSR:
    ./components/signals/policy-carousel.tsx [Client Component SSR]
    ./components/signals/signals-page.tsx [Client Component SSR]
    ./components/signals/signals-page.tsx [Server Component]
    ./app/(tabs)/signals/page.tsx [Server Component] @ http://localhost:3000/_next/static/chunks/node_modules_next_dist_f3530cac._.js:3127
[  183453ms] [ERROR] ./components/signals/policy-carousel.tsx:30:10
Ecmascript file had an error
  28 | const CATEGORY_KEYS = Object.keys(CATEGORY_LABEL_MAP) as CategoryKey[];
  29 |
> 30 | import { CATEGORY_BADGE_MAP } from "@/lib/icon-maps";
     |          ^^^^^^^^^^^^^^^^^^
  31 |
  32 | function PolicySlide({ policy }: { policy: PolicyWithCategory }) {
  33 |   const region =

the name `CATEGORY_BADGE_MAP` is defined multiple times

Import traces:
  Client Component Browser:
    ./components/signals/policy-carousel.tsx [Client Component Browser]
    ./components/signals/signals-page.tsx [Client Component Browser]
    ./components/signals/signals-page.tsx [Server Component]
    ./app/(tabs)/signals/page.tsx [Server Component]

  Client Component SSR:
    ./components/signals/policy-carousel.tsx [Client Component SSR]
    ./components/signals/signals-page.tsx [Client Component SSR]
    ./components/signals/signals-page.tsx [Server Component]
    ./app/(tabs)/signals/page.tsx [Server Component] @ http://localhost:3000/_next/static/chunks/node_modules_next_dist_f3530cac._.js:3127
[  183523ms] [ERROR] ./components/signals/policy-carousel.tsx:30:10
Ecmascript file had an error
  28 | const CATEGORY_KEYS = Object.keys(CATEGORY_LABEL_MAP) as CategoryKey[];
  29 |
> 30 | import { CATEGORY_BADGE_MAP } from "@/lib/icon-maps";
     |          ^^^^^^^^^^^^^^^^^^
  31 |
  32 | function PolicySlide({ policy }: { policy: PolicyWithCategory }) {
  33 |   const region =

the name `CATEGORY_BADGE_MAP` is defined multiple times

Import traces:
  Client Component Browser:
    ./components/signals/policy-carousel.tsx [Client Component Browser]
    ./components/signals/signals-page.tsx [Client Component Browser]
    ./components/signals/signals-page.tsx [Server Component]
    ./app/(tabs)/signals/page.tsx [Server Component]

  Client Component SSR:
    ./components/signals/policy-carousel.tsx [Client Component SSR]
    ./components/signals/signals-page.tsx [Client Component SSR]
    ./components/signals/signals-page.tsx [Server Component]
    ./app/(tabs)/signals/page.tsx [Server Component] @ http://localhost:3000/_next/static/chunks/node_modules_next_dist_f3530cac._.js:3127
[  183587ms] [ERROR] ./components/signals/policy-carousel.tsx:30:10
Ecmascript file had an error
  28 | const CATEGORY_KEYS = Object.keys(CATEGORY_LABEL_MAP) as CategoryKey[];
  29 |
> 30 | import { CATEGORY_BADGE_MAP } from "@/lib/icon-maps";
     |          ^^^^^^^^^^^^^^^^^^
  31 |
  32 | function PolicySlide({ policy }: { policy: PolicyWithCategory }) {
  33 |   const region =

the name `CATEGORY_BADGE_MAP` is defined multiple times

Import traces:
  Client Component Browser:
    ./components/signals/policy-carousel.tsx [Client Component Browser]
    ./components/signals/signals-page.tsx [Client Component Browser]
    ./components/signals/signals-page.tsx [Server Component]
    ./app/(tabs)/signals/page.tsx [Server Component]

  Client Component SSR:
    ./components/signals/policy-carousel.tsx [Client Component SSR]
    ./components/signals/signals-page.tsx [Client Component SSR]
    ./components/signals/signals-page.tsx [Server Component]
    ./app/(tabs)/signals/page.tsx [Server Component] @ http://localhost:3000/_next/static/chunks/node_modules_next_dist_f3530cac._.js:3127
[  183653ms] [ERROR] ./components/signals/policy-carousel.tsx:30:10
Ecmascript file had an error
  28 | const CATEGORY_KEYS = Object.keys(CATEGORY_LABEL_MAP) as CategoryKey[];
  29 |
> 30 | import { CATEGORY_BADGE_MAP } from "@/lib/icon-maps";
     |          ^^^^^^^^^^^^^^^^^^
  31 |
  32 | function PolicySlide({ policy }: { policy: PolicyWithCategory }) {
  33 |   const region =

the name `CATEGORY_BADGE_MAP` is defined multiple times

Import traces:
  Client Component Browser:
    ./components/signals/policy-carousel.tsx [Client Component Browser]
    ./components/signals/signals-page.tsx [Client Component Browser]
    ./components/signals/signals-page.tsx [Server Component]
    ./app/(tabs)/signals/page.tsx [Server Component]

  Client Component SSR:
    ./components/signals/policy-carousel.tsx [Client Component SSR]
    ./components/signals/signals-page.tsx [Client Component SSR]
    ./components/signals/signals-page.tsx [Server Component]
    ./app/(tabs)/signals/page.tsx [Server Component] @ http://localhost:3000/_next/static/chunks/node_modules_next_dist_f3530cac._.js:3127
[  183722ms] [ERROR] ./components/signals/policy-carousel.tsx:30:10
Ecmascript file had an error
  28 | const CATEGORY_KEYS = Object.keys(CATEGORY_LABEL_MAP) as CategoryKey[];
  29 |
> 30 | import { CATEGORY_BADGE_MAP } from "@/lib/icon-maps";
     |          ^^^^^^^^^^^^^^^^^^
  31 |
  32 | function PolicySlide({ policy }: { policy: PolicyWithCategory }) {
  33 |   const region =

the name `CATEGORY_BADGE_MAP` is defined multiple times

Import traces:
  Client Component Browser:
    ./components/signals/policy-carousel.tsx [Client Component Browser]
    ./components/signals/signals-page.tsx [Client Component Browser]
    ./components/signals/signals-page.tsx [Server Component]
    ./app/(tabs)/signals/page.tsx [Server Component]

  Client Component SSR:
    ./components/signals/policy-carousel.tsx [Client Component SSR]
    ./components/signals/signals-page.tsx [Client Component SSR]
    ./components/signals/signals-page.tsx [Server Component]
    ./app/(tabs)/signals/page.tsx [Server Component] @ http://localhost:3000/_next/static/chunks/node_modules_next_dist_f3530cac._.js:3127
[  183787ms] [ERROR] ./components/signals/policy-carousel.tsx:30:10
Ecmascript file had an error
  28 | const CATEGORY_KEYS = Object.keys(CATEGORY_LABEL_MAP) as CategoryKey[];
  29 |
> 30 | import { CATEGORY_BADGE_MAP } from "@/lib/icon-maps";
     |          ^^^^^^^^^^^^^^^^^^
  31 |
  32 | function PolicySlide({ policy }: { policy: PolicyWithCategory }) {
  33 |   const region =

the name `CATEGORY_BADGE_MAP` is defined multiple times

Import traces:
  Client Component Browser:
    ./components/signals/policy-carousel.tsx [Client Component Browser]
    ./components/signals/signals-page.tsx [Client Component Browser]
    ./components/signals/signals-page.tsx [Server Component]
    ./app/(tabs)/signals/page.tsx [Server Component]

  Client Component SSR:
    ./components/signals/policy-carousel.tsx [Client Component SSR]
    ./components/signals/signals-page.tsx [Client Component SSR]
    ./components/signals/signals-page.tsx [Server Component]
    ./app/(tabs)/signals/page.tsx [Server Component] @ http://localhost:3000/_next/static/chunks/node_modules_next_dist_f3530cac._.js:3127
[  183854ms] [ERROR] ./components/signals/policy-carousel.tsx:30:10
Ecmascript file had an error
  28 | const CATEGORY_KEYS = Object.keys(CATEGORY_LABEL_MAP) as CategoryKey[];
  29 |
> 30 | import { CATEGORY_BADGE_MAP } from "@/lib/icon-maps";
     |          ^^^^^^^^^^^^^^^^^^
  31 |
  32 | function PolicySlide({ policy }: { policy: PolicyWithCategory }) {
  33 |   const region =

the name `CATEGORY_BADGE_MAP` is defined multiple times

Import traces:
  Client Component Browser:
    ./components/signals/policy-carousel.tsx [Client Component Browser]
    ./components/signals/signals-page.tsx [Client Component Browser]
    ./components/signals/signals-page.tsx [Server Component]
    ./app/(tabs)/signals/page.tsx [Server Component]

  Client Component SSR:
    ./components/signals/policy-carousel.tsx [Client Component SSR]
    ./components/signals/signals-page.tsx [Client Component SSR]
    ./components/signals/signals-page.tsx [Server Component]
    ./app/(tabs)/signals/page.tsx [Server Component] @ http://localhost:3000/_next/static/chunks/node_modules_next_dist_f3530cac._.js:3127
[  183918ms] [ERROR] ./components/signals/policy-carousel.tsx:30:10
Ecmascript file had an error
  28 | const CATEGORY_KEYS = Object.keys(CATEGORY_LABEL_MAP) as CategoryKey[];
  29 |
> 30 | import { CATEGORY_BADGE_MAP } from "@/lib/icon-maps";
     |          ^^^^^^^^^^^^^^^^^^
  31 |
  32 | function PolicySlide({ policy }: { policy: PolicyWithCategory }) {
  33 |   const region =

the name `CATEGORY_BADGE_MAP` is defined multiple times

Import traces:
  Client Component Browser:
    ./components/signals/policy-carousel.tsx [Client Component Browser]
    ./components/signals/signals-page.tsx [Client Component Browser]
    ./components/signals/signals-page.tsx [Server Component]
    ./app/(tabs)/signals/page.tsx [Server Component]

  Client Component SSR:
    ./components/signals/policy-carousel.tsx [Client Component SSR]
    ./components/signals/signals-page.tsx [Client Component SSR]
    ./components/signals/signals-page.tsx [Server Component]
    ./app/(tabs)/signals/page.tsx [Server Component] @ http://localhost:3000/_next/static/chunks/node_modules_next_dist_f3530cac._.js:3127
[  183983ms] [ERROR] ./components/signals/policy-carousel.tsx:30:10
Ecmascript file had an error
  28 | const CATEGORY_KEYS = Object.keys(CATEGORY_LABEL_MAP) as CategoryKey[];
  29 |
> 30 | import { CATEGORY_BADGE_MAP } from "@/lib/icon-maps";
     |          ^^^^^^^^^^^^^^^^^^
  31 |
  32 | function PolicySlide({ policy }: { policy: PolicyWithCategory }) {
  33 |   const region =

the name `CATEGORY_BADGE_MAP` is defined multiple times

Import traces:
  Client Component Browser:
    ./components/signals/policy-carousel.tsx [Client Component Browser]
    ./components/signals/signals-page.tsx [Client Component Browser]
    ./components/signals/signals-page.tsx [Server Component]
    ./app/(tabs)/signals/page.tsx [Server Component]

  Client Component SSR:
    ./components/signals/policy-carousel.tsx [Client Component SSR]
    ./components/signals/signals-page.tsx [Client Component SSR]
    ./components/signals/signals-page.tsx [Server Component]
    ./app/(tabs)/signals/page.tsx [Server Component] @ http://localhost:3000/_next/static/chunks/node_modules_next_dist_f3530cac._.js:3127
[  184036ms] [ERROR] ./components/signals/policy-carousel.tsx:30:10
Ecmascript file had an error
  28 | const CATEGORY_KEYS = Object.keys(CATEGORY_LABEL_MAP) as CategoryKey[];
  29 |
> 30 | import { CATEGORY_BADGE_MAP } from "@/lib/icon-maps";
     |          ^^^^^^^^^^^^^^^^^^
  31 |
  32 | function PolicySlide({ policy }: { policy: PolicyWithCategory }) {
  33 |   const region =

the name `CATEGORY_BADGE_MAP` is defined multiple times

Import traces:
  Client Component Browser:
    ./components/signals/policy-carousel.tsx [Client Component Browser]
    ./components/signals/signals-page.tsx [Client Component Browser]
    ./components/signals/signals-page.tsx [Server Component]
    ./app/(tabs)/signals/page.tsx [Server Component]

  Client Component SSR:
    ./components/signals/policy-carousel.tsx [Client Component SSR]
    ./components/signals/signals-page.tsx [Client Component SSR]
    ./components/signals/signals-page.tsx [Server Component]
    ./app/(tabs)/signals/page.tsx [Server Component] @ http://localhost:3000/_next/static/chunks/node_modules_next_dist_f3530cac._.js:3127
[  184102ms] [ERROR] ./components/signals/policy-carousel.tsx:30:10
Ecmascript file had an error
  28 | const CATEGORY_KEYS = Object.keys(CATEGORY_LABEL_MAP) as CategoryKey[];
  29 |
> 30 | import { CATEGORY_BADGE_MAP } from "@/lib/icon-maps";
     |          ^^^^^^^^^^^^^^^^^^
  31 |
  32 | function PolicySlide({ policy }: { policy: PolicyWithCategory }) {
  33 |   const region =

the name `CATEGORY_BADGE_MAP` is defined multiple times

Import traces:
  Client Component Browser:
    ./components/signals/policy-carousel.tsx [Client Component Browser]
    ./components/signals/signals-page.tsx [Client Component Browser]
    ./components/signals/signals-page.tsx [Server Component]
    ./app/(tabs)/signals/page.tsx [Server Component]

  Client Component SSR:
    ./components/signals/policy-carousel.tsx [Client Component SSR]
    ./components/signals/signals-page.tsx [Client Component SSR]
    ./components/signals/signals-page.tsx [Server Component]
    ./app/(tabs)/signals/page.tsx [Server Component] @ http://localhost:3000/_next/static/chunks/node_modules_next_dist_f3530cac._.js:3127
[  184171ms] [ERROR] ./components/signals/policy-carousel.tsx:30:10
Ecmascript file had an error
  28 | const CATEGORY_KEYS = Object.keys(CATEGORY_LABEL_MAP) as CategoryKey[];
  29 |
> 30 | import { CATEGORY_BADGE_MAP } from "@/lib/icon-maps";
     |          ^^^^^^^^^^^^^^^^^^
  31 |
  32 | function PolicySlide({ policy }: { policy: PolicyWithCategory }) {
  33 |   const region =

the name `CATEGORY_BADGE_MAP` is defined multiple times

Import traces:
  Client Component Browser:
    ./components/signals/policy-carousel.tsx [Client Component Browser]
    ./components/signals/signals-page.tsx [Client Component Browser]
    ./components/signals/signals-page.tsx [Server Component]
    ./app/(tabs)/signals/page.tsx [Server Component]

  Client Component SSR:
    ./components/signals/policy-carousel.tsx [Client Component SSR]
    ./components/signals/signals-page.tsx [Client Component SSR]
    ./components/signals/signals-page.tsx [Server Component]
    ./app/(tabs)/signals/page.tsx [Server Component] @ http://localhost:3000/_next/static/chunks/node_modules_next_dist_f3530cac._.js:3127
[  184237ms] [ERROR] ./components/signals/policy-carousel.tsx:30:10
Ecmascript file had an error
  28 | const CATEGORY_KEYS = Object.keys(CATEGORY_LABEL_MAP) as CategoryKey[];
  29 |
> 30 | import { CATEGORY_BADGE_MAP } from "@/lib/icon-maps";
     |          ^^^^^^^^^^^^^^^^^^
  31 |
  32 | function PolicySlide({ policy }: { policy: PolicyWithCategory }) {
  33 |   const region =

the name `CATEGORY_BADGE_MAP` is defined multiple times

Import traces:
  Client Component Browser:
    ./components/signals/policy-carousel.tsx [Client Component Browser]
    ./components/signals/signals-page.tsx [Client Component Browser]
    ./components/signals/signals-page.tsx [Server Component]
    ./app/(tabs)/signals/page.tsx [Server Component]

  Client Component SSR:
    ./components/signals/policy-carousel.tsx [Client Component SSR]
    ./components/signals/signals-page.tsx [Client Component SSR]
    ./components/signals/signals-page.tsx [Server Component]
    ./app/(tabs)/signals/page.tsx [Server Component] @ http://localhost:3000/_next/static/chunks/node_modules_next_dist_f3530cac._.js:3127
[  184290ms] [ERROR] ./components/signals/policy-carousel.tsx:30:10
Ecmascript file had an error
  28 | const CATEGORY_KEYS = Object.keys(CATEGORY_LABEL_MAP) as CategoryKey[];
  29 |
> 30 | import { CATEGORY_BADGE_MAP } from "@/lib/icon-maps";
     |          ^^^^^^^^^^^^^^^^^^
  31 |
  32 | function PolicySlide({ policy }: { policy: PolicyWithCategory }) {
  33 |   const region =

the name `CATEGORY_BADGE_MAP` is defined multiple times

Import traces:
  Client Component Browser:
    ./components/signals/policy-carousel.tsx [Client Component Browser]
    ./components/signals/signals-page.tsx [Client Component Browser]
    ./components/signals/signals-page.tsx [Server Component]
    ./app/(tabs)/signals/page.tsx [Server Component]

  Client Component SSR:
    ./components/signals/policy-carousel.tsx [Client Component SSR]
    ./components/signals/signals-page.tsx [Client Component SSR]
    ./components/signals/signals-page.tsx [Server Component]
    ./app/(tabs)/signals/page.tsx [Server Component] @ http://localhost:3000/_next/static/chunks/node_modules_next_dist_f3530cac._.js:3127
[  184353ms] [ERROR] ./components/signals/policy-carousel.tsx:30:10
Ecmascript file had an error
  28 | const CATEGORY_KEYS = Object.keys(CATEGORY_LABEL_MAP) as CategoryKey[];
  29 |
> 30 | import { CATEGORY_BADGE_MAP } from "@/lib/icon-maps";
     |          ^^^^^^^^^^^^^^^^^^
  31 |
  32 | function PolicySlide({ policy }: { policy: PolicyWithCategory }) {
  33 |   const region =

the name `CATEGORY_BADGE_MAP` is defined multiple times

Import traces:
  Client Component Browser:
    ./components/signals/policy-carousel.tsx [Client Component Browser]
    ./components/signals/signals-page.tsx [Client Component Browser]
    ./components/signals/signals-page.tsx [Server Component]
    ./app/(tabs)/signals/page.tsx [Server Component]

  Client Component SSR:
    ./components/signals/policy-carousel.tsx [Client Component SSR]
    ./components/signals/signals-page.tsx [Client Component SSR]
    ./components/signals/signals-page.tsx [Server Component]
    ./app/(tabs)/signals/page.tsx [Server Component] @ http://localhost:3000/_next/static/chunks/node_modules_next_dist_f3530cac._.js:3127
[  184421ms] [ERROR] ./components/signals/policy-carousel.tsx:30:10
Ecmascript file had an error
  28 | const CATEGORY_KEYS = Object.keys(CATEGORY_LABEL_MAP) as CategoryKey[];
  29 |
> 30 | import { CATEGORY_BADGE_MAP } from "@/lib/icon-maps";
     |          ^^^^^^^^^^^^^^^^^^
  31 |
  32 | function PolicySlide({ policy }: { policy: PolicyWithCategory }) {
  33 |   const region =

the name `CATEGORY_BADGE_MAP` is defined multiple times

Import traces:
  Client Component Browser:
    ./components/signals/policy-carousel.tsx [Client Component Browser]
    ./components/signals/signals-page.tsx [Client Component Browser]
    ./components/signals/signals-page.tsx [Server Component]
    ./app/(tabs)/signals/page.tsx [Server Component]

  Client Component SSR:
    ./components/signals/policy-carousel.tsx [Client Component SSR]
    ./components/signals/signals-page.tsx [Client Component SSR]
    ./components/signals/signals-page.tsx [Server Component]
    ./app/(tabs)/signals/page.tsx [Server Component] @ http://localhost:3000/_next/static/chunks/node_modules_next_dist_f3530cac._.js:3127
[  184486ms] [ERROR] ./components/signals/policy-carousel.tsx:30:10
Ecmascript file had an error
  28 | const CATEGORY_KEYS = Object.keys(CATEGORY_LABEL_MAP) as CategoryKey[];
  29 |
> 30 | import { CATEGORY_BADGE_MAP } from "@/lib/icon-maps";
     |          ^^^^^^^^^^^^^^^^^^
  31 |
  32 | function PolicySlide({ policy }: { policy: PolicyWithCategory }) {
  33 |   const region =

the name `CATEGORY_BADGE_MAP` is defined multiple times

Import traces:
  Client Component Browser:
    ./components/signals/policy-carousel.tsx [Client Component Browser]
    ./components/signals/signals-page.tsx [Client Component Browser]
    ./components/signals/signals-page.tsx [Server Component]
    ./app/(tabs)/signals/page.tsx [Server Component]

  Client Component SSR:
    ./components/signals/policy-carousel.tsx [Client Component SSR]
    ./components/signals/signals-page.tsx [Client Component SSR]
    ./components/signals/signals-page.tsx [Server Component]
    ./app/(tabs)/signals/page.tsx [Server Component] @ http://localhost:3000/_next/static/chunks/node_modules_next_dist_f3530cac._.js:3127
[  184546ms] [ERROR] ./components/signals/policy-carousel.tsx:30:10
Ecmascript file had an error
  28 | const CATEGORY_KEYS = Object.keys(CATEGORY_LABEL_MAP) as CategoryKey[];
  29 |
> 30 | import { CATEGORY_BADGE_MAP } from "@/lib/icon-maps";
     |          ^^^^^^^^^^^^^^^^^^
  31 |
  32 | function PolicySlide({ policy }: { policy: PolicyWithCategory }) {
  33 |   const region =

the name `CATEGORY_BADGE_MAP` is defined multiple times

Import traces:
  Client Component Browser:
    ./components/signals/policy-carousel.tsx [Client Component Browser]
    ./components/signals/signals-page.tsx [Client Component Browser]
    ./components/signals/signals-page.tsx [Server Component]
    ./app/(tabs)/signals/page.tsx [Server Component]

  Client Component SSR:
    ./components/signals/policy-carousel.tsx [Client Component SSR]
    ./components/signals/signals-page.tsx [Client Component SSR]
    ./components/signals/signals-page.tsx [Server Component]
    ./app/(tabs)/signals/page.tsx [Server Component] @ http://localhost:3000/_next/static/chunks/node_modules_next_dist_f3530cac._.js:3127
[  184601ms] [ERROR] ./components/signals/policy-carousel.tsx:30:10
Ecmascript file had an error
  28 | const CATEGORY_KEYS = Object.keys(CATEGORY_LABEL_MAP) as CategoryKey[];
  29 |
> 30 | import { CATEGORY_BADGE_MAP } from "@/lib/icon-maps";
     |          ^^^^^^^^^^^^^^^^^^
  31 |
  32 | function PolicySlide({ policy }: { policy: PolicyWithCategory }) {
  33 |   const region =

the name `CATEGORY_BADGE_MAP` is defined multiple times

Import traces:
  Client Component Browser:
    ./components/signals/policy-carousel.tsx [Client Component Browser]
    ./components/signals/signals-page.tsx [Client Component Browser]
    ./components/signals/signals-page.tsx [Server Component]
    ./app/(tabs)/signals/page.tsx [Server Component]

  Client Component SSR:
    ./components/signals/policy-carousel.tsx [Client Component SSR]
    ./components/signals/signals-page.tsx [Client Component SSR]
    ./components/signals/signals-page.tsx [Server Component]
    ./app/(tabs)/signals/page.tsx [Server Component] @ http://localhost:3000/_next/static/chunks/node_modules_next_dist_f3530cac._.js:3127
[  184654ms] [ERROR] ./components/signals/policy-carousel.tsx:30:10
Ecmascript file had an error
  28 | const CATEGORY_KEYS = Object.keys(CATEGORY_LABEL_MAP) as CategoryKey[];
  29 |
> 30 | import { CATEGORY_BADGE_MAP } from "@/lib/icon-maps";
     |          ^^^^^^^^^^^^^^^^^^
  31 |
  32 | function PolicySlide({ policy }: { policy: PolicyWithCategory }) {
  33 |   const region =

the name `CATEGORY_BADGE_MAP` is defined multiple times

Import traces:
  Client Component Browser:
    ./components/signals/policy-carousel.tsx [Client Component Browser]
    ./components/signals/signals-page.tsx [Client Component Browser]
    ./components/signals/signals-page.tsx [Server Component]
    ./app/(tabs)/signals/page.tsx [Server Component]

  Client Component SSR:
    ./components/signals/policy-carousel.tsx [Client Component SSR]
    ./components/signals/signals-page.tsx [Client Component SSR]
    ./components/signals/signals-page.tsx [Server Component]
    ./app/(tabs)/signals/page.tsx [Server Component] @ http://localhost:3000/_next/static/chunks/node_modules_next_dist_f3530cac._.js:3127
[  184717ms] [ERROR] ./components/signals/policy-carousel.tsx:30:10
Ecmascript file had an error
  28 | const CATEGORY_KEYS = Object.keys(CATEGORY_LABEL_MAP) as CategoryKey[];
  29 |
> 30 | import { CATEGORY_BADGE_MAP } from "@/lib/icon-maps";
     |          ^^^^^^^^^^^^^^^^^^
  31 |
  32 | function PolicySlide({ policy }: { policy: PolicyWithCategory }) {
  33 |   const region =

the name `CATEGORY_BADGE_MAP` is defined multiple times

Import traces:
  Client Component Browser:
    ./components/signals/policy-carousel.tsx [Client Component Browser]
    ./components/signals/signals-page.tsx [Client Component Browser]
    ./components/signals/signals-page.tsx [Server Component]
    ./app/(tabs)/signals/page.tsx [Server Component]

  Client Component SSR:
    ./components/signals/policy-carousel.tsx [Client Component SSR]
    ./components/signals/signals-page.tsx [Client Component SSR]
    ./components/signals/signals-page.tsx [Server Component]
    ./app/(tabs)/signals/page.tsx [Server Component] @ http://localhost:3000/_next/static/chunks/node_modules_next_dist_f3530cac._.js:3127
[  184788ms] [ERROR] ./components/signals/policy-carousel.tsx:30:10
Ecmascript file had an error
  28 | const CATEGORY_KEYS = Object.keys(CATEGORY_LABEL_MAP) as CategoryKey[];
  29 |
> 30 | import { CATEGORY_BADGE_MAP } from "@/lib/icon-maps";
     |          ^^^^^^^^^^^^^^^^^^
  31 |
  32 | function PolicySlide({ policy }: { policy: PolicyWithCategory }) {
  33 |   const region =

the name `CATEGORY_BADGE_MAP` is defined multiple times

Import traces:
  Client Component Browser:
    ./components/signals/policy-carousel.tsx [Client Component Browser]
    ./components/signals/signals-page.tsx [Client Component Browser]
    ./components/signals/signals-page.tsx [Server Component]
    ./app/(tabs)/signals/page.tsx [Server Component]

  Client Component SSR:
    ./components/signals/policy-carousel.tsx [Client Component SSR]
    ./components/signals/signals-page.tsx [Client Component SSR]
    ./components/signals/signals-page.tsx [Server Component]
    ./app/(tabs)/signals/page.tsx [Server Component] @ http://localhost:3000/_next/static/chunks/node_modules_next_dist_f3530cac._.js:3127
[  184854ms] [ERROR] ./components/signals/policy-carousel.tsx:30:10
Ecmascript file had an error
  28 | const CATEGORY_KEYS = Object.keys(CATEGORY_LABEL_MAP) as CategoryKey[];
  29 |
> 30 | import { CATEGORY_BADGE_MAP } from "@/lib/icon-maps";
     |          ^^^^^^^^^^^^^^^^^^
  31 |
  32 | function PolicySlide({ policy }: { policy: PolicyWithCategory }) {
  33 |   const region =

the name `CATEGORY_BADGE_MAP` is defined multiple times

Import traces:
  Client Component Browser:
    ./components/signals/policy-carousel.tsx [Client Component Browser]
    ./components/signals/signals-page.tsx [Client Component Browser]
    ./components/signals/signals-page.tsx [Server Component]
    ./app/(tabs)/signals/page.tsx [Server Component]

  Client Component SSR:
    ./components/signals/policy-carousel.tsx [Client Component SSR]
    ./components/signals/signals-page.tsx [Client Component SSR]
    ./components/signals/signals-page.tsx [Server Component]
    ./app/(tabs)/signals/page.tsx [Server Component] @ http://localhost:3000/_next/static/chunks/node_modules_next_dist_f3530cac._.js:3127
[  184917ms] [ERROR] ./components/signals/policy-carousel.tsx:30:10
Ecmascript file had an error
  28 | const CATEGORY_KEYS = Object.keys(CATEGORY_LABEL_MAP) as CategoryKey[];
  29 |
> 30 | import { CATEGORY_BADGE_MAP } from "@/lib/icon-maps";
     |          ^^^^^^^^^^^^^^^^^^
  31 |
  32 | function PolicySlide({ policy }: { policy: PolicyWithCategory }) {
  33 |   const region =

the name `CATEGORY_BADGE_MAP` is defined multiple times

Import traces:
  Client Component Browser:
    ./components/signals/policy-carousel.tsx [Client Component Browser]
    ./components/signals/signals-page.tsx [Client Component Browser]
    ./components/signals/signals-page.tsx [Server Component]
    ./app/(tabs)/signals/page.tsx [Server Component]

  Client Component SSR:
    ./components/signals/policy-carousel.tsx [Client Component SSR]
    ./components/signals/signals-page.tsx [Client Component SSR]
    ./components/signals/signals-page.tsx [Server Component]
    ./app/(tabs)/signals/page.tsx [Server Component] @ http://localhost:3000/_next/static/chunks/node_modules_next_dist_f3530cac._.js:3127
[  184987ms] [ERROR] ./components/signals/policy-carousel.tsx:30:10
Ecmascript file had an error
  28 | const CATEGORY_KEYS = Object.keys(CATEGORY_LABEL_MAP) as CategoryKey[];
  29 |
> 30 | import { CATEGORY_BADGE_MAP } from "@/lib/icon-maps";
     |          ^^^^^^^^^^^^^^^^^^
  31 |
  32 | function PolicySlide({ policy }: { policy: PolicyWithCategory }) {
  33 |   const region =

the name `CATEGORY_BADGE_MAP` is defined multiple times

Import traces:
  Client Component Browser:
    ./components/signals/policy-carousel.tsx [Client Component Browser]
    ./components/signals/signals-page.tsx [Client Component Browser]
    ./components/signals/signals-page.tsx [Server Component]
    ./app/(tabs)/signals/page.tsx [Server Component]

  Client Component SSR:
    ./components/signals/policy-carousel.tsx [Client Component SSR]
    ./components/signals/signals-page.tsx [Client Component SSR]
    ./components/signals/signals-page.tsx [Server Component]
    ./app/(tabs)/signals/page.tsx [Server Component] @ http://localhost:3000/_next/static/chunks/node_modules_next_dist_f3530cac._.js:3127
[  185044ms] [ERROR] ./components/signals/policy-carousel.tsx:30:10
Ecmascript file had an error
  28 | const CATEGORY_KEYS = Object.keys(CATEGORY_LABEL_MAP) as CategoryKey[];
  29 |
> 30 | import { CATEGORY_BADGE_MAP } from "@/lib/icon-maps";
     |          ^^^^^^^^^^^^^^^^^^
  31 |
  32 | function PolicySlide({ policy }: { policy: PolicyWithCategory }) {
  33 |   const region =

the name `CATEGORY_BADGE_MAP` is defined multiple times

Import traces:
  Client Component Browser:
    ./components/signals/policy-carousel.tsx [Client Component Browser]
    ./components/signals/signals-page.tsx [Client Component Browser]
    ./components/signals/signals-page.tsx [Server Component]
    ./app/(tabs)/signals/page.tsx [Server Component]

  Client Component SSR:
    ./components/signals/policy-carousel.tsx [Client Component SSR]
    ./components/signals/signals-page.tsx [Client Component SSR]
    ./components/signals/signals-page.tsx [Server Component]
    ./app/(tabs)/signals/page.tsx [Server Component] @ http://localhost:3000/_next/static/chunks/node_modules_next_dist_f3530cac._.js:3127
[  185123ms] [ERROR] ./components/signals/policy-carousel.tsx:30:10
Ecmascript file had an error
  28 | const CATEGORY_KEYS = Object.keys(CATEGORY_LABEL_MAP) as CategoryKey[];
  29 |
> 30 | import { CATEGORY_BADGE_MAP } from "@/lib/icon-maps";
     |          ^^^^^^^^^^^^^^^^^^
  31 |
  32 | function PolicySlide({ policy }: { policy: PolicyWithCategory }) {
  33 |   const region =

the name `CATEGORY_BADGE_MAP` is defined multiple times

Import traces:
  Client Component Browser:
    ./components/signals/policy-carousel.tsx [Client Component Browser]
    ./components/signals/signals-page.tsx [Client Component Browser]
    ./components/signals/signals-page.tsx [Server Component]
    ./app/(tabs)/signals/page.tsx [Server Component]

  Client Component SSR:
    ./components/signals/policy-carousel.tsx [Client Component SSR]
    ./components/signals/signals-page.tsx [Client Component SSR]
    ./components/signals/signals-page.tsx [Server Component]
    ./app/(tabs)/signals/page.tsx [Server Component] @ http://localhost:3000/_next/static/chunks/node_modules_next_dist_f3530cac._.js:3127
[  185187ms] [ERROR] ./components/signals/policy-carousel.tsx:30:10
Ecmascript file had an error
  28 | const CATEGORY_KEYS = Object.keys(CATEGORY_LABEL_MAP) as CategoryKey[];
  29 |
> 30 | import { CATEGORY_BADGE_MAP } from "@/lib/icon-maps";
     |          ^^^^^^^^^^^^^^^^^^
  31 |
  32 | function PolicySlide({ policy }: { policy: PolicyWithCategory }) {
  33 |   const region =

the name `CATEGORY_BADGE_MAP` is defined multiple times

Import traces:
  Client Component Browser:
    ./components/signals/policy-carousel.tsx [Client Component Browser]
    ./components/signals/signals-page.tsx [Client Component Browser]
    ./components/signals/signals-page.tsx [Server Component]
    ./app/(tabs)/signals/page.tsx [Server Component]

  Client Component SSR:
    ./components/signals/policy-carousel.tsx [Client Component SSR]
    ./components/signals/signals-page.tsx [Client Component SSR]
    ./components/signals/signals-page.tsx [Server Component]
    ./app/(tabs)/signals/page.tsx [Server Component] @ http://localhost:3000/_next/static/chunks/node_modules_next_dist_f3530cac._.js:3127
[  185252ms] [ERROR] ./components/signals/policy-carousel.tsx:30:10
Ecmascript file had an error
  28 | const CATEGORY_KEYS = Object.keys(CATEGORY_LABEL_MAP) as CategoryKey[];
  29 |
> 30 | import { CATEGORY_BADGE_MAP } from "@/lib/icon-maps";
     |          ^^^^^^^^^^^^^^^^^^
  31 |
  32 | function PolicySlide({ policy }: { policy: PolicyWithCategory }) {
  33 |   const region =

the name `CATEGORY_BADGE_MAP` is defined multiple times

Import traces:
  Client Component Browser:
    ./components/signals/policy-carousel.tsx [Client Component Browser]
    ./components/signals/signals-page.tsx [Client Component Browser]
    ./components/signals/signals-page.tsx [Server Component]
    ./app/(tabs)/signals/page.tsx [Server Component]

  Client Component SSR:
    ./components/signals/policy-carousel.tsx [Client Component SSR]
    ./components/signals/signals-page.tsx [Client Component SSR]
    ./components/signals/signals-page.tsx [Server Component]
    ./app/(tabs)/signals/page.tsx [Server Component] @ http://localhost:3000/_next/static/chunks/node_modules_next_dist_f3530cac._.js:3127
[  185320ms] [ERROR] ./components/signals/policy-carousel.tsx:30:10
Ecmascript file had an error
  28 | const CATEGORY_KEYS = Object.keys(CATEGORY_LABEL_MAP) as CategoryKey[];
  29 |
> 30 | import { CATEGORY_BADGE_MAP } from "@/lib/icon-maps";
     |          ^^^^^^^^^^^^^^^^^^
  31 |
  32 | function PolicySlide({ policy }: { policy: PolicyWithCategory }) {
  33 |   const region =

the name `CATEGORY_BADGE_MAP` is defined multiple times

Import traces:
  Client Component Browser:
    ./components/signals/policy-carousel.tsx [Client Component Browser]
    ./components/signals/signals-page.tsx [Client Component Browser]
    ./components/signals/signals-page.tsx [Server Component]
    ./app/(tabs)/signals/page.tsx [Server Component]

  Client Component SSR:
    ./components/signals/policy-carousel.tsx [Client Component SSR]
    ./components/signals/signals-page.tsx [Client Component SSR]
    ./components/signals/signals-page.tsx [Server Component]
    ./app/(tabs)/signals/page.tsx [Server Component] @ http://localhost:3000/_next/static/chunks/node_modules_next_dist_f3530cac._.js:3127
[  185383ms] [ERROR] ./components/signals/policy-carousel.tsx:30:10
Ecmascript file had an error
  28 | const CATEGORY_KEYS = Object.keys(CATEGORY_LABEL_MAP) as CategoryKey[];
  29 |
> 30 | import { CATEGORY_BADGE_MAP } from "@/lib/icon-maps";
     |          ^^^^^^^^^^^^^^^^^^
  31 |
  32 | function PolicySlide({ policy }: { policy: PolicyWithCategory }) {
  33 |   const region =

the name `CATEGORY_BADGE_MAP` is defined multiple times

Import traces:
  Client Component Browser:
    ./components/signals/policy-carousel.tsx [Client Component Browser]
    ./components/signals/signals-page.tsx [Client Component Browser]
    ./components/signals/signals-page.tsx [Server Component]
    ./app/(tabs)/signals/page.tsx [Server Component]

  Client Component SSR:
    ./components/signals/policy-carousel.tsx [Client Component SSR]
    ./components/signals/signals-page.tsx [Client Component SSR]
    ./components/signals/signals-page.tsx [Server Component]
    ./app/(tabs)/signals/page.tsx [Server Component] @ http://localhost:3000/_next/static/chunks/node_modules_next_dist_f3530cac._.js:3127
[  185449ms] [ERROR] ./components/signals/policy-carousel.tsx:30:10
Ecmascript file had an error
  28 | const CATEGORY_KEYS = Object.keys(CATEGORY_LABEL_MAP) as CategoryKey[];
  29 |
> 30 | import { CATEGORY_BADGE_MAP } from "@/lib/icon-maps";
     |          ^^^^^^^^^^^^^^^^^^
  31 |
  32 | function PolicySlide({ policy }: { policy: PolicyWithCategory }) {
  33 |   const region =

the name `CATEGORY_BADGE_MAP` is defined multiple times

Import traces:
  Client Component Browser:
    ./components/signals/policy-carousel.tsx [Client Component Browser]
    ./components/signals/signals-page.tsx [Client Component Browser]
    ./components/signals/signals-page.tsx [Server Component]
    ./app/(tabs)/signals/page.tsx [Server Component]

  Client Component SSR:
    ./components/signals/policy-carousel.tsx [Client Component SSR]
    ./components/signals/signals-page.tsx [Client Component SSR]
    ./components/signals/signals-page.tsx [Server Component]
    ./app/(tabs)/signals/page.tsx [Server Component] @ http://localhost:3000/_next/static/chunks/node_modules_next_dist_f3530cac._.js:3127
[  185515ms] [ERROR] ./components/signals/policy-carousel.tsx:30:10
Ecmascript file had an error
  28 | const CATEGORY_KEYS = Object.keys(CATEGORY_LABEL_MAP) as CategoryKey[];
  29 |
> 30 | import { CATEGORY_BADGE_MAP } from "@/lib/icon-maps";
     |          ^^^^^^^^^^^^^^^^^^
  31 |
  32 | function PolicySlide({ policy }: { policy: PolicyWithCategory }) {
  33 |   const region =

the name `CATEGORY_BADGE_MAP` is defined multiple times

Import traces:
  Client Component Browser:
    ./components/signals/policy-carousel.tsx [Client Component Browser]
    ./components/signals/signals-page.tsx [Client Component Browser]
    ./components/signals/signals-page.tsx [Server Component]
    ./app/(tabs)/signals/page.tsx [Server Component]

  Client Component SSR:
    ./components/signals/policy-carousel.tsx [Client Component SSR]
    ./components/signals/signals-page.tsx [Client Component SSR]
    ./components/signals/signals-page.tsx [Server Component]
    ./app/(tabs)/signals/page.tsx [Server Component] @ http://localhost:3000/_next/static/chunks/node_modules_next_dist_f3530cac._.js:3127
[  185585ms] [ERROR] ./components/signals/policy-carousel.tsx:30:10
Ecmascript file had an error
  28 | const CATEGORY_KEYS = Object.keys(CATEGORY_LABEL_MAP) as CategoryKey[];
  29 |
> 30 | import { CATEGORY_BADGE_MAP } from "@/lib/icon-maps";
     |          ^^^^^^^^^^^^^^^^^^
  31 |
  32 | function PolicySlide({ policy }: { policy: PolicyWithCategory }) {
  33 |   const region =

the name `CATEGORY_BADGE_MAP` is defined multiple times

Import traces:
  Client Component Browser:
    ./components/signals/policy-carousel.tsx [Client Component Browser]
    ./components/signals/signals-page.tsx [Client Component Browser]
    ./components/signals/signals-page.tsx [Server Component]
    ./app/(tabs)/signals/page.tsx [Server Component]

  Client Component SSR:
    ./components/signals/policy-carousel.tsx [Client Component SSR]
    ./components/signals/signals-page.tsx [Client Component SSR]
    ./components/signals/signals-page.tsx [Server Component]
    ./app/(tabs)/signals/page.tsx [Server Component] @ http://localhost:3000/_next/static/chunks/node_modules_next_dist_f3530cac._.js:3127
[  185654ms] [ERROR] ./components/signals/policy-carousel.tsx:30:10
Ecmascript file had an error
  28 | const CATEGORY_KEYS = Object.keys(CATEGORY_LABEL_MAP) as CategoryKey[];
  29 |
> 30 | import { CATEGORY_BADGE_MAP } from "@/lib/icon-maps";
     |          ^^^^^^^^^^^^^^^^^^
  31 |
  32 | function PolicySlide({ policy }: { policy: PolicyWithCategory }) {
  33 |   const region =

the name `CATEGORY_BADGE_MAP` is defined multiple times

Import traces:
  Client Component Browser:
    ./components/signals/policy-carousel.tsx [Client Component Browser]
    ./components/signals/signals-page.tsx [Client Component Browser]
    ./components/signals/signals-page.tsx [Server Component]
    ./app/(tabs)/signals/page.tsx [Server Component]

  Client Component SSR:
    ./components/signals/policy-carousel.tsx [Client Component SSR]
    ./components/signals/signals-page.tsx [Client Component SSR]
    ./components/signals/signals-page.tsx [Server Component]
    ./app/(tabs)/signals/page.tsx [Server Component] @ http://localhost:3000/_next/static/chunks/node_modules_next_dist_f3530cac._.js:3127
[  185716ms] [ERROR] ./components/signals/policy-carousel.tsx:30:10
Ecmascript file had an error
  28 | const CATEGORY_KEYS = Object.keys(CATEGORY_LABEL_MAP) as CategoryKey[];
  29 |
> 30 | import { CATEGORY_BADGE_MAP } from "@/lib/icon-maps";
     |          ^^^^^^^^^^^^^^^^^^
  31 |
  32 | function PolicySlide({ policy }: { policy: PolicyWithCategory }) {
  33 |   const region =

the name `CATEGORY_BADGE_MAP` is defined multiple times

Import traces:
  Client Component Browser:
    ./components/signals/policy-carousel.tsx [Client Component Browser]
    ./components/signals/signals-page.tsx [Client Component Browser]
    ./components/signals/signals-page.tsx [Server Component]
    ./app/(tabs)/signals/page.tsx [Server Component]

  Client Component SSR:
    ./components/signals/policy-carousel.tsx [Client Component SSR]
    ./components/signals/signals-page.tsx [Client Component SSR]
    ./components/signals/signals-page.tsx [Server Component]
    ./app/(tabs)/signals/page.tsx [Server Component] @ http://localhost:3000/_next/static/chunks/node_modules_next_dist_f3530cac._.js:3127
[  185781ms] [ERROR] ./components/signals/policy-carousel.tsx:30:10
Ecmascript file had an error
  28 | const CATEGORY_KEYS = Object.keys(CATEGORY_LABEL_MAP) as CategoryKey[];
  29 |
> 30 | import { CATEGORY_BADGE_MAP } from "@/lib/icon-maps";
     |          ^^^^^^^^^^^^^^^^^^
  31 |
  32 | function PolicySlide({ policy }: { policy: PolicyWithCategory }) {
  33 |   const region =

the name `CATEGORY_BADGE_MAP` is defined multiple times

Import traces:
  Client Component Browser:
    ./components/signals/policy-carousel.tsx [Client Component Browser]
    ./components/signals/signals-page.tsx [Client Component Browser]
    ./components/signals/signals-page.tsx [Server Component]
    ./app/(tabs)/signals/page.tsx [Server Component]

  Client Component SSR:
    ./components/signals/policy-carousel.tsx [Client Component SSR]
    ./components/signals/signals-page.tsx [Client Component SSR]
    ./components/signals/signals-page.tsx [Server Component]
    ./app/(tabs)/signals/page.tsx [Server Component] @ http://localhost:3000/_next/static/chunks/node_modules_next_dist_f3530cac._.js:3127
[  185834ms] [ERROR] ./components/signals/policy-carousel.tsx:30:10
Ecmascript file had an error
  28 | const CATEGORY_KEYS = Object.keys(CATEGORY_LABEL_MAP) as CategoryKey[];
  29 |
> 30 | import { CATEGORY_BADGE_MAP } from "@/lib/icon-maps";
     |          ^^^^^^^^^^^^^^^^^^
  31 |
  32 | function PolicySlide({ policy }: { policy: PolicyWithCategory }) {
  33 |   const region =

the name `CATEGORY_BADGE_MAP` is defined multiple times

Import traces:
  Client Component Browser:
    ./components/signals/policy-carousel.tsx [Client Component Browser]
    ./components/signals/signals-page.tsx [Client Component Browser]
    ./components/signals/signals-page.tsx [Server Component]
    ./app/(tabs)/signals/page.tsx [Server Component]

  Client Component SSR:
    ./components/signals/policy-carousel.tsx [Client Component SSR]
    ./components/signals/signals-page.tsx [Client Component SSR]
    ./components/signals/signals-page.tsx [Server Component]
    ./app/(tabs)/signals/page.tsx [Server Component] @ http://localhost:3000/_next/static/chunks/node_modules_next_dist_f3530cac._.js:3127
[  185847ms] [WARNING] [Fast Refresh] performing full reload because your application had an unrecoverable error @ http://localhost:3000/_next/static/chunks/node_modules_next_dist_f3530cac._.js:2297
[  186809ms] ReferenceError: CATEGORY_BADGE is not defined
    at PolicySlide (http://localhost:3000/_next/static/chunks/_d2527c43._.js:1999:206)
    at Object.react_stack_bottom_frame (http://localhost:3000/_next/static/chunks/node_modules_next_dist_compiled_react-dom_1e674e59._.js:14826:24)
    at renderWithHooks (http://localhost:3000/_next/static/chunks/node_modules_next_dist_compiled_react-dom_1e674e59._.js:4651:24)
    at updateFunctionComponent (http://localhost:3000/_next/static/chunks/node_modules_next_dist_compiled_react-dom_1e674e59._.js:6112:21)
    at beginWork (http://localhost:3000/_next/static/chunks/node_modules_next_dist_compiled_react-dom_1e674e59._.js:6708:24)
    at runWithFiberInDEV (http://localhost:3000/_next/static/chunks/node_modules_next_dist_compiled_react-dom_1e674e59._.js:965:74)
    at performUnitOfWork (http://localhost:3000/_next/static/chunks/node_modules_next_dist_compiled_react-dom_1e674e59._.js:9562:97)
    at workLoopSync (http://localhost:3000/_next/static/chunks/node_modules_next_dist_compiled_react-dom_1e674e59._.js:9456:40)
    at renderRootSync (http://localhost:3000/_next/static/chunks/node_modules_next_dist_compiled_react-dom_1e674e59._.js:9440:13)
    at performWorkOnRoot (http://localhost:3000/_next/static/chunks/node_modules_next_dist_compiled_react-dom_1e674e59._.js:9105:47)
    at performWorkOnRootViaSchedulerTask (http://localhost:3000/_next/static/chunks/node_modules_next_dist_compiled_react-dom_1e674e59._.js:10230:9)
    at MessagePort.performWorkUntilDeadline (http://localhost:3000/_next/static/chunks/node_modules_next_dist_compiled_a0e4c7b4._.js:2647:64)
[  190084ms] [WARNING] [Fast Refresh] performing full reload because your application had an unrecoverable error @ http://localhost:3000/_next/static/chunks/node_modules_next_dist_f3530cac._.js:2297
